packages/notifier-alarm-manager/android/build/intermediates/manifest_merge_blame_file/debug/processDebugManifest/manifest-merger-blame-debug-report.txt
1<?xml version="1.0" encoding="utf-8"?>
2<manifest xmlns:android="http://schemas.android.com/apk/res/android"
3    package="com.nativealarms" >
4
5    <uses-sdk android:minSdkVersion="24" />
6
7    <!-- Permissions -->
8    <uses-permission android:name="android.permission.SCHEDULE_EXACT_ALARM" />
8-->src/main/AndroidManifest.xml:5:5-79
8-->src/main/AndroidManifest.xml:5:22-76
9    <uses-permission android:name="android.permission.USE_EXACT_ALARM" />
9-->src/main/AndroidManifest.xml:6:5-74
9-->src/main/AndroidManifest.xml:6:22-71
10    <uses-permission android:name="android.permission.POST_NOTIFICATIONS" />
10-->src/main/AndroidManifest.xml:7:5-77
10-->src/main/AndroidManifest.xml:7:22-74
11    <uses-permission android:name="android.permission.WAKE_LOCK" />
11-->src/main/AndroidManifest.xml:8:5-68
11-->src/main/AndroidManifest.xml:8:22-65
12    <uses-permission android:name="android.permission.RECEIVE_BOOT_COMPLETED" />
12-->src/main/AndroidManifest.xml:9:5-81
12-->src/main/AndroidManifest.xml:9:22-78
13    <uses-permission android:name="android.permission.VIBRATE" />
13-->src/main/AndroidManifest.xml:10:5-66
13-->src/main/AndroidManifest.xml:10:22-63
14
15    <application>
15-->src/main/AndroidManifest.xml:12:5-54:19
16
17        <!-- Alarm Receiver - Handles alarm trigger events -->
18        <receiver
18-->src/main/AndroidManifest.xml:14:9-21:20
19            android:name="com.nativealarms.AlarmReceiver"
19-->src/main/AndroidManifest.xml:15:13-42
20            android:enabled="true"
20-->src/main/AndroidManifest.xml:16:13-35
21            android:exported="false" >
21-->src/main/AndroidManifest.xml:17:13-37
22            <intent-filter>
22-->src/main/AndroidManifest.xml:18:13-20:29
23                <action android:name="com.nativealarms.ALARM_ACTION" />
23-->src/main/AndroidManifest.xml:19:17-72
23-->src/main/AndroidManifest.xml:19:25-69
24            </intent-filter>
25        </receiver>
26
27        <!-- Alarm Action Receiver - Handles notification actions -->
28        <receiver
28-->src/main/AndroidManifest.xml:24:9-32:20
29            android:name="com.nativealarms.AlarmActionReceiver"
29-->src/main/AndroidManifest.xml:25:13-48
30            android:enabled="true"
30-->src/main/AndroidManifest.xml:26:13-35
31            android:exported="false" >
31-->src/main/AndroidManifest.xml:27:13-37
32            <intent-filter>
32-->src/main/AndroidManifest.xml:28:13-31:29
33                <action android:name="com.nativealarms.ACTION_DISMISS" />
33-->src/main/AndroidManifest.xml:29:17-74
33-->src/main/AndroidManifest.xml:29:25-71
34                <action android:name="com.nativealarms.ACTION_SNOOZE" />
34-->src/main/AndroidManifest.xml:30:17-73
34-->src/main/AndroidManifest.xml:30:25-70
35            </intent-filter>
36        </receiver>
37
38        <!-- Boot Receiver - Reschedules alarms after reboot -->
39        <receiver
39-->src/main/AndroidManifest.xml:35:9-43:20
40            android:name="com.nativealarms.BootReceiver"
40-->src/main/AndroidManifest.xml:36:13-41
41            android:enabled="true"
41-->src/main/AndroidManifest.xml:37:13-35
42            android:exported="true" >
42-->src/main/AndroidManifest.xml:38:13-36
43            <intent-filter>
43-->src/main/AndroidManifest.xml:39:13-42:29
44                <action android:name="android.intent.action.BOOT_COMPLETED" />
44-->src/main/AndroidManifest.xml:40:17-79
44-->src/main/AndroidManifest.xml:40:25-76
45                <action android:name="android.intent.action.QUICKBOOT_POWERON" />
45-->src/main/AndroidManifest.xml:41:17-82
45-->src/main/AndroidManifest.xml:41:25-79
46            </intent-filter>
47        </receiver>
48
49        <!-- Permission Receiver - Listens for permission changes (Android 12+) -->
50        <receiver
50-->src/main/AndroidManifest.xml:46:9-53:20
51            android:name="com.nativealarms.PermissionReceiver"
51-->src/main/AndroidManifest.xml:47:13-47
52            android:enabled="true"
52-->src/main/AndroidManifest.xml:48:13-35
53            android:exported="false" >
53-->src/main/AndroidManifest.xml:49:13-37
54            <intent-filter>
54-->src/main/AndroidManifest.xml:50:13-52:29
55                <action android:name="android.app.action.SCHEDULE_EXACT_ALARM_PERMISSION_STATE_CHANGED" />
55-->src/main/AndroidManifest.xml:51:17-107
55-->src/main/AndroidManifest.xml:51:25-104
56            </intent-filter>
57        </receiver>
58    </application>
59
60</manifest>